#
# There is insufficient memory for the Java Runtime Environment to continue.
# Native memory allocation (malloc) failed to allocate 167856 bytes for Chunk::new
# Possible reasons:
#   The system is out of physical RAM or swap space
#   The process is running with CompressedOops enabled, and the Java Heap may be blocking the growth of the native heap
# Possible solutions:
#   Reduce memory load on the system
#   Increase physical memory or swap space
#   Check if swap backing store is full
#   Decrease Java heap size (-Xmx/-Xms)
#   Decrease number of Java threads
#   Decrease Java thread stack sizes (-Xss)
#   Set larger code cache with -XX:ReservedCodeCacheSize=
#   JVM is running with Unscaled Compressed Oops mode in which the Java heap is
#     placed in the first 4GB address space. The Java Heap base address is the
#     maximum limit for the native heap growth. Please use -XX:HeapBaseMinAddress
#     to set the Java Heap base and to place the Java Heap above 4GB virtual address.
# This output file may be truncated or incomplete.
#
#  Out of Memory Error (allocation.cpp:389), pid=9364, tid=0x0000000000000d84
#
# JRE version: Java(TM) SE Runtime Environment (8.0_251-b08) (build 1.8.0_251-b08)
# Java VM: Java HotSpot(TM) 64-Bit Server VM (25.251-b08 mixed mode windows-amd64 compressed oops)
# Failed to write core dump. Minidumps are not enabled by default on client versions of Windows
#

---------------  T H R E A D  ---------------

Current thread (0x0000000016e6d800):  JavaThread "C2 CompilerThread0" daemon [_thread_in_native, id=3460, stack(0x0000000017840000,0x0000000017940000)]

Stack: [0x0000000017840000,0x0000000017940000]
[error occurred during error reporting (printing stack bounds), id 0xc0000005]

Native frames: (J=compiled Java code, j=interpreted, Vv=VM code, C=native code)


Current CompileTask:
C2:   4968 3310   !   4       com.sun.org.apache.xerces.internal.impl.XMLDocumentFragmentScannerImpl$FragmentContentDriver::next (2346 bytes)


---------------  P R O C E S S  ---------------

Java Threads: ( => current thread )
  0x0000000016e93000 JavaThread "Service Thread" daemon [_thread_blocked, id=9092, stack(0x0000000017c40000,0x0000000017d40000)]
  0x0000000016e7c000 JavaThread "C1 CompilerThread3" daemon [_thread_in_vm, id=9072, stack(0x0000000017b40000,0x0000000017c40000)]
  0x0000000016e73800 JavaThread "C2 CompilerThread2" daemon [_thread_in_native, id=9036, stack(0x0000000017a40000,0x0000000017b40000)]
  0x0000000016e71000 JavaThread "C2 CompilerThread1" daemon [_thread_in_native, id=6372, stack(0x0000000017940000,0x0000000017a40000)]
=>0x0000000016e6d800 JavaThread "C2 CompilerThread0" daemon [_thread_in_native, id=3460, stack(0x0000000017840000,0x0000000017940000)]
  0x0000000016e6c000 JavaThread "Attach Listener" daemon [_thread_blocked, id=5308, stack(0x0000000017740000,0x0000000017840000)]
  0x0000000016e69000 JavaThread "Signal Dispatcher" daemon [_thread_blocked, id=7988, stack(0x0000000017640000,0x0000000017740000)]
  0x0000000002678000 JavaThread "Finalizer" daemon [_thread_blocked, id=1604, stack(0x0000000017340000,0x0000000017440000)]
  0x0000000016e60800 JavaThread "Reference Handler" daemon [_thread_blocked, id=3216, stack(0x0000000017240000,0x0000000017340000)]
  0x0000000002582800 JavaThread "main" [_thread_in_Java, id=2280, stack(0x0000000002380000,0x0000000002480000)]

Other Threads:
  0x000000001506a000 VMThread [stack: 0x0000000016d40000,0x0000000016e40000] [id=4420]
  0x0000000016e95000 WatcherThread [stack: 0x0000000017d40000,0x0000000017e40000] [id=8280]

VM state:not at safepoint (normal execution)

VM Mutex/Monitor currently owned by a thread: None

heap address: 0x00000000c2000000, size: 992 MB, Compressed Oops mode: 32-bit
Narrow klass base: 0x0000000000000000, Narrow klass shift: 3
Compressed class space size: 1073741824 Address: 0x0000000100000000

Heap:
 PSYoungGen      total 137216K, used 26290K [0x00000000eb580000, 0x00000000f4780000, 0x0000000100000000)
  eden space 126464K, 14% used [0x00000000eb580000,0x00000000ec6d18c0,0x00000000f3100000)
  from space 10752K, 79% used [0x00000000f3c00000,0x00000000f445b018,0x00000000f4680000)
  to   space 11264K, 0% used [0x00000000f3100000,0x00000000f3100000,0x00000000f3c00000)
 ParOldGen       total 42496K, used 17071K [0x00000000c2000000, 0x00000000c4980000, 0x00000000eb580000)
  object space 42496K, 40% used [0x00000000c2000000,0x00000000c30abdb8,0x00000000c4980000)
 Metaspace       used 19389K, capacity 19788K, committed 20096K, reserved 1067008K
  class space    used 2227K, capacity 2378K, committed 2432K, reserved 1048576K

Card table byte_map: [0x0000000011a40000,0x0000000011c40000] byte_map_base: 0x0000000011430000

Marking Bits: (ParMarkBitMap*) 0x000000005499af90
 Begin Bits: [0x0000000012590000, 0x0000000013510000)
 End Bits:   [0x0000000013510000, 0x0000000014490000)

Polling page: 0x0000000000820000

CodeCache: size=245760Kb used=11842Kb max_used=11842Kb free=233917Kb
 bounds [0x0000000002680000, 0x0000000003220000, 0x0000000011680000]
 total_blobs=3766 nmethods=3382 adapters=296
 compilation: enabled

Compilation events (10 events):
Event: 4.962 Thread 0x0000000016e7c000 nmethod 3411 0x0000000003209650 code [0x00000000032097a0, 0x00000000032098f0]
Event: 4.962 Thread 0x0000000016e7c000 3412       3       org.jdom2.output.support.FormatStack::push (405 bytes)
Event: 4.965 Thread 0x0000000016e7c000 nmethod 3412 0x0000000003215250 code [0x0000000003215680, 0x00000000032182b8]
Event: 4.965 Thread 0x0000000016e73800 nmethod 3318 0x00000000032079d0 code [0x0000000003207b40, 0x0000000003207db8]
Event: 4.965 Thread 0x0000000016e7c000 3419       1       org.jdom2.output.support.FormatStack::getPadBetween (10 bytes)
Event: 4.965 Thread 0x0000000016e73800 3416       4       org.jdom2.Verifier::isXMLWhitespace (28 bytes)
Event: 4.965 Thread 0x0000000016e7c000 nmethod 3419 0x0000000003207690 code [0x00000000032077e0, 0x0000000003207910]
Event: 4.965 Thread 0x0000000016e7c000 3371       1       org.jdom2.util.NamespaceStack$EmptyIterable::hasNext (2 bytes)
Event: 4.965 Thread 0x0000000016e7c000 nmethod 3371 0x0000000003207390 code [0x00000000032074e0, 0x00000000032075f0]
Event: 4.965 Thread 0x0000000016e7c000 3394       3       org.jdom2.util.NamespaceStack::checkNamespace (146 bytes)

GC Heap History (10 events):
Event: 1.911 GC heap before
{Heap before GC invocations=2 (full 0):
 PSYoungGen      total 18432K, used 18411K [0x00000000eb580000, 0x00000000ed980000, 0x0000000100000000)
  eden space 15872K, 100% used [0x00000000eb580000,0x00000000ec500000,0x00000000ec500000)
  from space 2560K, 99% used [0x00000000ec500000,0x00000000ec77ae48,0x00000000ec780000)
  to   space 2560K, 0% used [0x00000000ed700000,0x00000000ed700000,0x00000000ed980000)
 ParOldGen       total 42496K, used 898K [0x00000000c2000000, 0x00000000c4980000, 0x00000000eb580000)
  object space 42496K, 2% used [0x00000000c2000000,0x00000000c20e0a20,0x00000000c4980000)
 Metaspace       used 8864K, capacity 9060K, committed 9088K, reserved 1056768K
  class space    used 1063K, capacity 1152K, committed 1152K, reserved 1048576K
Event: 1.916 GC heap after
Heap after GC invocations=2 (full 0):
 PSYoungGen      total 34304K, used 2528K [0x00000000eb580000, 0x00000000ed980000, 0x0000000100000000)
  eden space 31744K, 0% used [0x00000000eb580000,0x00000000eb580000,0x00000000ed480000)
  from space 2560K, 98% used [0x00000000ed700000,0x00000000ed978098,0x00000000ed980000)
  to   space 2560K, 0% used [0x00000000ed480000,0x00000000ed480000,0x00000000ed700000)
 ParOldGen       total 42496K, used 1747K [0x00000000c2000000, 0x00000000c4980000, 0x00000000eb580000)
  object space 42496K, 4% used [0x00000000c2000000,0x00000000c21b4c68,0x00000000c4980000)
 Metaspace       used 8864K, capacity 9060K, committed 9088K, reserved 1056768K
  class space    used 1063K, capacity 1152K, committed 1152K, reserved 1048576K
}
Event: 2.517 GC heap before
{Heap before GC invocations=3 (full 0):
 PSYoungGen      total 34304K, used 34272K [0x00000000eb580000, 0x00000000ed980000, 0x0000000100000000)
  eden space 31744K, 100% used [0x00000000eb580000,0x00000000ed480000,0x00000000ed480000)
  from space 2560K, 98% used [0x00000000ed700000,0x00000000ed978098,0x00000000ed980000)
  to   space 2560K, 0% used [0x00000000ed480000,0x00000000ed480000,0x00000000ed700000)
 ParOldGen       total 42496K, used 1747K [0x00000000c2000000, 0x00000000c4980000, 0x00000000eb580000)
  object space 42496K, 4% used [0x00000000c2000000,0x00000000c21b4c68,0x00000000c4980000)
 Metaspace       used 12015K, capacity 12268K, committed 12416K, reserved 1060864K
  class space    used 1457K, capacity 1580K, committed 1664K, reserved 1048576K
Event: 2.527 GC heap after
Heap after GC invocations=3 (full 0):
 PSYoungGen      total 34304K, used 2560K [0x00000000eb580000, 0x00000000ef880000, 0x0000000100000000)
  eden space 31744K, 0% used [0x00000000eb580000,0x00000000eb580000,0x00000000ed480000)
  from space 2560K, 100% used [0x00000000ed480000,0x00000000ed700000,0x00000000ed700000)
  to   space 2560K, 0% used [0x00000000ef600000,0x00000000ef600000,0x00000000ef880000)
 ParOldGen       total 42496K, used 5740K [0x00000000c2000000, 0x00000000c4980000, 0x00000000eb580000)
  object space 42496K, 13% used [0x00000000c2000000,0x00000000c259b360,0x00000000c4980000)
 Metaspace       used 12015K, capacity 12268K, committed 12416K, reserved 1060864K
  class space    used 1457K, capacity 1580K, committed 1664K, reserved 1048576K
}
Event: 3.374 GC heap before
{Heap before GC invocations=4 (full 0):
 PSYoungGen      total 34304K, used 34304K [0x00000000eb580000, 0x00000000ef880000, 0x0000000100000000)
  eden space 31744K, 100% used [0x00000000eb580000,0x00000000ed480000,0x00000000ed480000)
  from space 2560K, 100% used [0x00000000ed480000,0x00000000ed700000,0x00000000ed700000)
  to   space 2560K, 0% used [0x00000000ef600000,0x00000000ef600000,0x00000000ef880000)
 ParOldGen       total 42496K, used 5740K [0x00000000c2000000, 0x00000000c4980000, 0x00000000eb580000)
  object space 42496K, 13% used [0x00000000c2000000,0x00000000c259b360,0x00000000c4980000)
 Metaspace       used 15375K, capacity 15632K, committed 15872K, reserved 1062912K
  class space    used 1871K, capacity 1980K, committed 2048K, reserved 1048576K
Event: 3.385 GC heap after
Heap after GC invocations=4 (full 0):
 PSYoungGen      total 66048K, used 2528K [0x00000000eb580000, 0x00000000ef880000, 0x0000000100000000)
  eden space 63488K, 0% used [0x00000000eb580000,0x00000000eb580000,0x00000000ef380000)
  from space 2560K, 98% used [0x00000000ef600000,0x00000000ef878040,0x00000000ef880000)
  to   space 2560K, 0% used [0x00000000ef380000,0x00000000ef380000,0x00000000ef600000)
 ParOldGen       total 42496K, used 10534K [0x00000000c2000000, 0x00000000c4980000, 0x00000000eb580000)
  object space 42496K, 24% used [0x00000000c2000000,0x00000000c2a49ba8,0x00000000c4980000)
 Metaspace       used 15375K, capacity 15632K, committed 15872K, reserved 1062912K
  class space    used 1871K, capacity 1980K, committed 2048K, reserved 1048576K
}
Event: 3.995 GC heap before
{Heap before GC invocations=5 (full 0):
 PSYoungGen      total 66048K, used 66016K [0x00000000eb580000, 0x00000000ef880000, 0x0000000100000000)
  eden space 63488K, 100% used [0x00000000eb580000,0x00000000ef380000,0x00000000ef380000)
  from space 2560K, 98% used [0x00000000ef600000,0x00000000ef878040,0x00000000ef880000)
  to   space 2560K, 0% used [0x00000000ef380000,0x00000000ef380000,0x00000000ef600000)
 ParOldGen       total 42496K, used 10534K [0x00000000c2000000, 0x00000000c4980000, 0x00000000eb580000)
  object space 42496K, 24% used [0x00000000c2000000,0x00000000c2a49ba8,0x00000000c4980000)
 Metaspace       used 15990K, capacity 16246K, committed 16384K, reserved 1062912K
  class space    used 1889K, capacity 2013K, committed 2048K, reserved 1048576K
Event: 4.005 GC heap after
Heap after GC invocations=5 (full 0):
 PSYoungGen      total 66048K, used 2544K [0x00000000eb580000, 0x00000000f4680000, 0x0000000100000000)
  eden space 63488K, 0% used [0x00000000eb580000,0x00000000eb580000,0x00000000ef380000)
  from space 2560K, 99% used [0x00000000ef380000,0x00000000ef5fc010,0x00000000ef600000)
  to   space 10752K, 0% used [0x00000000f3c00000,0x00000000f3c00000,0x00000000f4680000)
 ParOldGen       total 42496K, used 17063K [0x00000000c2000000, 0x00000000c4980000, 0x00000000eb580000)
  object space 42496K, 40% used [0x00000000c2000000,0x00000000c30a9db8,0x00000000c4980000)
 Metaspace       used 15990K, capacity 16246K, committed 16384K, reserved 1062912K
  class space    used 1889K, capacity 2013K, committed 2048K, reserved 1048576K
}
Event: 4.697 GC heap before
{Heap before GC invocations=6 (full 0):
 PSYoungGen      total 66048K, used 66032K [0x00000000eb580000, 0x00000000f4680000, 0x0000000100000000)
  eden space 63488K, 100% used [0x00000000eb580000,0x00000000ef380000,0x00000000ef380000)
  from space 2560K, 99% used [0x00000000ef380000,0x00000000ef5fc010,0x00000000ef600000)
  to   space 10752K, 0% used [0x00000000f3c00000,0x00000000f3c00000,0x00000000f4680000)
 ParOldGen       total 42496K, used 17063K [0x00000000c2000000, 0x00000000c4980000, 0x00000000eb580000)
  object space 42496K, 40% used [0x00000000c2000000,0x00000000c30a9db8,0x00000000c4980000)
 Metaspace       used 17741K, capacity 18156K, committed 18432K, reserved 1064960K
  class space    used 2065K, capacity 2218K, committed 2304K, reserved 1048576K
Event: 4.706 GC heap after
Heap after GC invocations=6 (full 0):
 PSYoungGen      total 137216K, used 8556K [0x00000000eb580000, 0x00000000f4780000, 0x0000000100000000)
  eden space 126464K, 0% used [0x00000000eb580000,0x00000000eb580000,0x00000000f3100000)
  from space 10752K, 79% used [0x00000000f3c00000,0x00000000f445b018,0x00000000f4680000)
  to   space 11264K, 0% used [0x00000000f3100000,0x00000000f3100000,0x00000000f3c00000)
 ParOldGen       total 42496K, used 17071K [0x00000000c2000000, 0x00000000c4980000, 0x00000000eb580000)
  object space 42496K, 40% used [0x00000000c2000000,0x00000000c30abdb8,0x00000000c4980000)
 Metaspace       used 17741K, capacity 18156K, committed 18432K, reserved 1064960K
  class space    used 2065K, capacity 2218K, committed 2304K, reserved 1048576K
}

Deoptimization events (10 events):
Event: 4.481 Thread 0x0000000002582800 Uncommon trap: reason=unstable_if action=reinterpret pc=0x0000000002981c34 method=java.io.Reader.read()I @ 12
Event: 4.485 Thread 0x0000000002582800 Uncommon trap: reason=unstable_if action=reinterpret pc=0x00000000029806c0 method=java.io.Reader.read()I @ 12
Event: 4.523 Thread 0x0000000002582800 Uncommon trap: reason=class_check action=maybe_recompile pc=0x0000000002b78308 method=com.google.inject.internal.LinkedBindingImpl.acceptTargetVisitor(Lcom/google/inject/spi/BindingTargetVisitor;)Ljava/lang/Object; @ 2
Event: 4.523 Thread 0x0000000002582800 Uncommon trap: reason=class_check action=maybe_recompile pc=0x0000000002b78308 method=com.google.inject.internal.LinkedBindingImpl.acceptTargetVisitor(Lcom/google/inject/spi/BindingTargetVisitor;)Ljava/lang/Object; @ 2
Event: 4.618 Thread 0x0000000002582800 Uncommon trap: reason=class_check action=maybe_recompile pc=0x0000000002b78308 method=com.google.inject.internal.LinkedBindingImpl.acceptTargetVisitor(Lcom/google/inject/spi/BindingTargetVisitor;)Ljava/lang/Object; @ 2
Event: 4.618 Thread 0x0000000002582800 Uncommon trap: reason=class_check action=maybe_recompile pc=0x0000000002b78308 method=com.google.inject.internal.LinkedBindingImpl.acceptTargetVisitor(Lcom/google/inject/spi/BindingTargetVisitor;)Ljava/lang/Object; @ 2
Event: 4.718 Thread 0x0000000002582800 Uncommon trap: reason=unstable_if action=reinterpret pc=0x0000000003111cb0 method=sun.util.calendar.ZoneInfoFile$ZoneOffsetTransitionRule.toEpochDay(III)J @ 119
Event: 4.767 Thread 0x0000000002582800 Uncommon trap: reason=unstable_if action=reinterpret pc=0x00000000030e2a98 method=org.codehaus.plexus.classworlds.realm.Entry.matches(Ljava/lang/String;)Z @ 20
Event: 4.880 Thread 0x0000000002582800 Uncommon trap: reason=unstable_if action=reinterpret pc=0x00000000031aaa5c method=com.sun.org.apache.xerces.internal.impl.XMLEntityScanner.scanContent(Lcom/sun/org/apache/xerces/internal/xni/XMLString;)I @ 44
Event: 4.902 Thread 0x0000000002582800 Uncommon trap: reason=class_check action=maybe_recompile pc=0x00000000031a5fe8 method=com.sun.org.apache.xerces.internal.impl.XMLDocumentScannerImpl.next()I @ 4

Classes redefined (0 events):
No events

Internal exceptions (10 events):
Event: 4.060 Thread 0x0000000002582800 Implicit null exception at 0x0000000002c778d5 to 0x0000000002c7820d
Event: 4.060 Thread 0x0000000002582800 Implicit null exception at 0x0000000002a31515 to 0x0000000002a316e5
Event: 4.060 Thread 0x0000000002582800 Implicit null exception at 0x0000000002a2409b to 0x0000000002a2450d
Event: 4.552 Thread 0x0000000002582800 Exception <a 'java/lang/NoClassDefFoundError': org/sonatype/aether/installation/InstallationException> (0x00000000ee98af10) thrown at [C:\jenkins\workspace\8-2-build-windows-amd64-cygwin\jdk8u251\737\hotspot\src\share\vm\classfile\systemDictionary.cpp, li
Event: 4.558 Thread 0x0000000002582800 Exception <a 'java/lang/NoClassDefFoundError': org/sonatype/aether/artifact/Artifact> (0x00000000ee9d0390) thrown at [C:\jenkins\workspace\8-2-build-windows-amd64-cygwin\jdk8u251\737\hotspot\src\share\vm\classfile\systemDictionary.cpp, line 199]
Event: 4.568 Thread 0x0000000002582800 Exception <a 'java/lang/NoClassDefFoundError': org/sonatype/aether/artifact/Artifact> (0x00000000eea60468) thrown at [C:\jenkins\workspace\8-2-build-windows-amd64-cygwin\jdk8u251\737\hotspot\src\share\vm\classfile\systemDictionary.cpp, line 199]
Event: 4.577 Thread 0x0000000002582800 Exception <a 'java/lang/NoClassDefFoundError': org/sonatype/aether/artifact/Artifact> (0x00000000eead2d60) thrown at [C:\jenkins\workspace\8-2-build-windows-amd64-cygwin\jdk8u251\737\hotspot\src\share\vm\classfile\systemDictionary.cpp, line 199]
Event: 4.581 Thread 0x0000000002582800 Exception <a 'java/lang/NoClassDefFoundError': org/sonatype/aether/artifact/ArtifactType> (0x00000000eeb0b1b0) thrown at [C:\jenkins\workspace\8-2-build-windows-amd64-cygwin\jdk8u251\737\hotspot\src\share\vm\classfile\systemDictionary.cpp, line 199]
Event: 4.595 Thread 0x0000000002582800 Exception <a 'java/lang/NoClassDefFoundError': org/sonatype/aether/resolution/ArtifactDescriptorException> (0x00000000eebaa408) thrown at [C:\jenkins\workspace\8-2-build-windows-amd64-cygwin\jdk8u251\737\hotspot\src\share\vm\classfile\systemDictionary.cpp
Event: 4.596 Thread 0x0000000002582800 Exception <a 'java/lang/NoClassDefFoundError': org/sonatype/aether/deployment/DeploymentException> (0x00000000eebbcb58) thrown at [C:\jenkins\workspace\8-2-build-windows-amd64-cygwin\jdk8u251\737\hotspot\src\share\vm\classfile\systemDictionary.cpp, line 1

Events (10 events):
Event: 4.933 loading class org/jdom2/util/NamespaceStack$ForwardWalker
Event: 4.933 loading class org/jdom2/util/NamespaceStack$ForwardWalker done
Event: 4.933 loading class org/jdom2/util/NamespaceStack$BackwardWalker
Event: 4.933 loading class org/jdom2/util/NamespaceStack$BackwardWalker done
Event: 4.933 loading class org/jdom2/util/NamespaceStack$BackwardWalker
Event: 4.933 loading class org/jdom2/util/NamespaceStack$BackwardWalker done
Event: 4.934 loading class org/jdom2/output/support/WalkerTRIM$1
Event: 4.934 loading class org/jdom2/output/support/WalkerTRIM$1 done
Event: 4.934 loading class org/jdom2/output/support/WalkerTRIM$1
Event: 4.934 loading class org/jdom2/output/support/WalkerTRIM$1 done


Dynamic libraries:
0x00007ff778590000 - 0x00007ff7785c7000 	C:\Program Files\Java\jdk1.8.0_251\bin\java.exe
0x00007ff9f2ee0000 - 0x00007ff9f30cd000 	C:\Windows\SYSTEM32\ntdll.dll
0x00007ff9f1cd0000 - 0x00007ff9f1d83000 	C:\Windows\System32\KERNEL32.DLL
0x00007ff9ef150000 - 0x00007ff9ef3e3000 	C:\Windows\System32\KERNELBASE.dll
0x00007ff9f1680000 - 0x00007ff9f1723000 	C:\Windows\System32\ADVAPI32.dll
0x00007ff9f1b80000 - 0x00007ff9f1c1e000 	C:\Windows\System32\msvcrt.dll
0x00007ff9f2c60000 - 0x00007ff9f2cfe000 	C:\Windows\System32\sechost.dll
0x00007ff9f1970000 - 0x00007ff9f1a92000 	C:\Windows\System32\RPCRT4.dll
0x00007ff9f2210000 - 0x00007ff9f23a7000 	C:\Windows\System32\USER32.dll
0x00007ff9f0020000 - 0x00007ff9f0040000 	C:\Windows\System32\win32u.dll
0x00007ff9f23b0000 - 0x00007ff9f23d9000 	C:\Windows\System32\GDI32.dll
0x00007ff9ef450000 - 0x00007ff9ef5e9000 	C:\Windows\System32\gdi32full.dll
0x00007ff9f0060000 - 0x00007ff9f0100000 	C:\Windows\System32\msvcp_win.dll
0x00007ff9eefa0000 - 0x00007ff9ef09a000 	C:\Windows\System32\ucrtbase.dll
0x00007ff9d7c80000 - 0x00007ff9d7ef9000 	C:\Windows\WinSxS\amd64_microsoft.windows.common-controls_6595b64144ccf1df_6.0.17763.973_none_05b245900721eb81\COMCTL32.dll
0x00007ff9f2710000 - 0x00007ff9f2a3c000 	C:\Windows\System32\combase.dll
0x00007ff9efd70000 - 0x00007ff9efdee000 	C:\Windows\System32\bcryptPrimitives.dll
0x00007ff9f2dd0000 - 0x00007ff9f2dfe000 	C:\Windows\System32\IMM32.DLL
0x0000000055ca0000 - 0x0000000055d72000 	C:\Program Files\Java\jdk1.8.0_251\jre\bin\msvcr100.dll
0x0000000054170000 - 0x0000000054a1b000 	C:\Program Files\Java\jdk1.8.0_251\jre\bin\server\jvm.dll
0x00007ff9f2590000 - 0x00007ff9f2598000 	C:\Windows\System32\PSAPI.DLL
0x00007ff9de2f0000 - 0x00007ff9de2f9000 	C:\Windows\SYSTEM32\WSOCK32.dll
0x00007ff9f1c20000 - 0x00007ff9f1c8d000 	C:\Windows\System32\WS2_32.dll
0x00007ff9ec0c0000 - 0x00007ff9ec0e4000 	C:\Windows\SYSTEM32\WINMM.dll
0x00007ff9e2640000 - 0x00007ff9e264a000 	C:\Windows\SYSTEM32\VERSION.dll
0x00007ff9ec090000 - 0x00007ff9ec0bd000 	C:\Windows\SYSTEM32\WINMMBASE.dll
0x00007ff9effd0000 - 0x00007ff9f001a000 	C:\Windows\System32\cfgmgr32.dll
0x00007ff9e3420000 - 0x00007ff9e342f000 	C:\Program Files\Java\jdk1.8.0_251\jre\bin\verify.dll
0x00007ff9e07e0000 - 0x00007ff9e0809000 	C:\Program Files\Java\jdk1.8.0_251\jre\bin\java.dll
0x00007ff9e07c0000 - 0x00007ff9e07d6000 	C:\Program Files\Java\jdk1.8.0_251\jre\bin\zip.dll
0x00007ff9f0180000 - 0x00007ff9f1674000 	C:\Windows\System32\SHELL32.dll
0x00007ff9f2e00000 - 0x00007ff9f2ea8000 	C:\Windows\System32\shcore.dll
0x00007ff9ef5f0000 - 0x00007ff9efd3d000 	C:\Windows\System32\windows.storage.dll
0x00007ff9eef30000 - 0x00007ff9eef54000 	C:\Windows\System32\profapi.dll
0x00007ff9eeed0000 - 0x00007ff9eef2d000 	C:\Windows\System32\powrprof.dll
0x00007ff9f1aa0000 - 0x00007ff9f1af2000 	C:\Windows\System32\shlwapi.dll
0x00007ff9eef60000 - 0x00007ff9eef71000 	C:\Windows\System32\kernel.appcore.dll
0x00007ff9f0040000 - 0x00007ff9f0057000 	C:\Windows\System32\cryptsp.dll
0x00007ff9ee2c0000 - 0x00007ff9ee2f3000 	C:\Windows\system32\rsaenh.dll
0x00007ff9efd40000 - 0x00007ff9efd66000 	C:\Windows\System32\bcrypt.dll
0x00007ff9eedd0000 - 0x00007ff9eedf8000 	C:\Windows\SYSTEM32\USERENV.dll
0x00007ff9ee910000 - 0x00007ff9ee91c000 	C:\Windows\SYSTEM32\CRYPTBASE.dll
0x00007ff9e07a0000 - 0x00007ff9e07ba000 	C:\Program Files\Java\jdk1.8.0_251\jre\bin\net.dll
0x00007ff9ee740000 - 0x00007ff9ee7a7000 	C:\Windows\system32\mswsock.dll
0x00007ff9ee460000 - 0x00007ff9ee49d000 	C:\Windows\SYSTEM32\IPHLPAPI.DLL
0x00007ff9f1c90000 - 0x00007ff9f1c98000 	C:\Windows\System32\NSI.dll
0x00007ff9e25f0000 - 0x00007ff9e2606000 	C:\Windows\SYSTEM32\dhcpcsvc6.DLL
0x00007ff9e2ac0000 - 0x00007ff9e2adc000 	C:\Windows\SYSTEM32\dhcpcsvc.DLL
0x00007ff9ee4a0000 - 0x00007ff9ee566000 	C:\Windows\SYSTEM32\DNSAPI.dll
0x00007ff9e0750000 - 0x00007ff9e0762000 	C:\Program Files\Java\jdk1.8.0_251\jre\bin\nio.dll
0x00007ff9e3410000 - 0x00007ff9e341a000 	C:\Users\megha\AppData\Local\Temp\jansi-1.17.1-3803267108562836868.dll
0x00007ff9e0740000 - 0x00007ff9e074a000 	C:\Users\megha\AppData\Local\Temp\jansi-1.17.1-3822929859954097752.dll

VM Arguments:
jvm_args: -Dmaven.multiModuleProjectDirectory=c:\Project\CUSTOMER-BEHAVIOR-ANALYTICS-master\dashboard 
java_command: org.apache.maven.wrapper.MavenWrapperMain help:effective-pom -Doutput=c:\Users\megha\AppData\Roaming\Code\User\workspaceStorage\8898f6f197266db4901bef0b732ff542\vscjava.vscode-maven\72f81f55196f9568a6767d26b1b0005a -f c:\Project\CUSTOMER-BEHAVIOR-ANALYTICS-master\dashboard\pom.xml
java_class_path (initial): c:\Project\CUSTOMER-BEHAVIOR-ANALYTICS-master\dashboard\.mvn\wrapper\maven-wrapper.jar
Launcher Type: SUN_STANDARD

Environment Variables:
JAVA_HOME=C:\Program Files\Java\jdk1.8.0_251
PATH=C:\Program Files (x86)\Common Files\Oracle\Java\javapath;C:\Program Files\Java\jdk1.8.0_251\bin;C:\Program Files\apache-maven-3.6.3\bin;C:\Program Files\Java\jdk1.8.0_251\bin%;%MAVEN_HOME\bin%;C:\Windows\system32;C:\Users\megha\AppData\Local\Programs\Microsoft VS Code\bin;C:\Program Files\Java\jdk1.8.0_251;C:\Program Files\apache-maven-3.6.3;C:\Program Files\apache-maven-3.6.3;
USERNAME=megha
OS=Windows_NT
PROCESSOR_IDENTIFIER=Intel64 Family 6 Model 142 Stepping 10, GenuineIntel



---------------  S Y S T E M  ---------------

OS: Windows 10.0 , 64 bit Build 17763 (10.0.17763.475)

CPU:total 8 (initial active 8) (4 cores per cpu, 2 threads per core) family 6 model 142 stepping 10, cmov, cx8, fxsr, mmx, sse, sse2, sse3, ssse3, sse4.1, sse4.2, popcnt, avx, avx2, aes, clmul, erms, 3dnowpref, lzcnt, ht, tsc, tscinvbit, bmi1, bmi2, adx

Memory: 4k page, physical 4056112k(761120k free), swap 6727652k(4160k free)

vm_info: Java HotSpot(TM) 64-Bit Server VM (25.251-b08) for windows-amd64 JRE (1.8.0_251-b08), built on Mar 12 2020 06:31:49 by "" with MS VC++ 10.0 (VS2010)

time: Mon May 18 09:58:02 2020
timezone: India Standard Time
elapsed time: 4 seconds (0d 0h 0m 4s)

